2024-02-14 06:18:22 - File read: contact.html
2024-02-14 06:18:36 - File read: about.html
2024-02-14 06:18:42 - File read: products.html
2024-02-14 06:30:02 - File read: home.html
2024-02-14 06:30:28 - File read: home.html
2024-02-14 06:30:29 - File read: products.html
2024-02-14 06:30:45 - File read: home.html
2024-02-14 06:30:45 - File read: home.html
2024-02-14 06:30:46 - File read: subscribe.html
2024-02-14 06:31:55 - File read: home.html
2024-02-14 06:31:56 - File read: products.html
2024-02-14 06:32:00 - File read: home.html
2024-02-14 06:32:00 - File read: home.html
2024-02-14 06:32:00 - File read: home.html
2024-02-14 06:32:01 - File read: home.html
2024-02-14 06:32:01 - File read: home.html
2024-02-14 06:32:01 - File read: home.html
2024-02-14 06:32:01 - File read: home.html
2024-02-14 06:32:01 - File read: home.html
2024-02-14 06:32:02 - File read: home.html
2024-02-14 06:32:02 - File read: home.html
2024-02-14 06:32:02 - File read: home.html
2024-02-14 06:32:02 - File read: home.html
2024-02-14 06:33:49 - File read: home.html
2024-02-14 06:33:54 - File read: products.html
2024-02-14 06:36:19 - File read: products.html
2024-02-14 06:36:21 - File read: products.html
2024-02-14 06:36:22 - File read: subscribe.html
2024-02-14 06:36:23 - File read: about.html
2024-02-14 06:36:23 - File read: contact.html
2024-02-14 06:36:24 - File read: subscribe.html
2024-02-14 06:36:46 - File read: products.html
2024-02-14 06:36:46 - File read: subscribe.html
2024-02-14 06:36:48 - File read: about.html
2024-02-14 06:36:48 - File read: contact.html
2024-02-14 06:36:49 - File read: contact.html
2024-02-14 06:36:51 - File read: contact.html
2024-02-14 06:36:51 - File read: contact.html
2024-02-14 06:36:52 - File read: contact.html
2024-02-14 06:36:52 - File read: contact.html
2024-02-14 06:37:18 - File read: contact.html
2024-02-14 06:37:19 - File read: contact.html
2024-02-14 06:37:21 - File read: products.html
2024-02-14 06:37:21 - File read: subscribe.html
2024-02-14 06:37:34 - File read: subscribe.html
2024-02-14 06:37:35 - File read: home.html
2024-02-14 06:37:38 - File read: products.html
2024-02-14 06:37:39 - File read: subscribe.html
2024-02-14 06:37:40 - File read: home.html
2024-02-14 06:37:53 - File read: products.html
2024-02-14 06:37:53 - File read: home.html
2024-02-14 06:37:53 - File read: home.html
2024-02-14 06:37:54 - File read: home.html
2024-02-14 06:37:54 - File read: home.html
2024-02-14 06:37:54 - File read: home.html
2024-02-14 06:37:55 - File read: home.html
2024-02-14 06:37:55 - File read: home.html
2024-02-14 06:37:55 - File read: home.html
2024-02-14 06:37:56 - File read: home.html
2024-02-14 06:38:01 - File read: home.html
2024-02-14 06:38:01 - File read: home.html
2024-02-14 06:38:01 - File read: home.html
2024-02-14 06:38:02 - File read: home.html
2024-02-14 06:38:02 - File read: home.html
2024-02-14 06:38:02 - File read: home.html
2024-02-14 06:38:02 - File read: home.html
2024-02-14 06:38:03 - File read: home.html
2024-02-14 06:38:03 - File read: home.html
2024-02-14 06:38:03 - File read: home.html
2024-02-14 06:38:03 - File read: home.html
2024-02-14 06:38:04 - File read: home.html
2024-02-14 06:38:04 - File read: home.html
2024-02-14 06:38:04 - File read: home.html
2024-02-14 06:38:04 - File read: home.html
2024-02-14 06:38:05 - File read: products.html
2024-02-14 06:38:06 - File read: home.html
2024-02-14 06:38:06 - File read: home.html
2024-02-14 06:38:07 - File read: home.html
2024-02-14 06:38:07 - File read: products.html
2024-02-14 06:38:07 - File read: about.html
2024-02-14 06:38:08 - File read: about.html
2024-02-14 06:38:08 - File read: about.html
2024-02-14 06:38:08 - File read: about.html
2024-02-14 06:38:09 - File read: about.html
2024-02-14 09:48:21 - File read: home.html
2024-02-14 09:48:24 - File read: about.html
2024-02-14 09:48:31 - File read: contact.html
